<?xml version="1.0" encoding="UTF-8"?>
<coverage generated="1788002738416" clover="3.2.0">
  <project timestamp="1788002738416" name="All files">
    <metrics statements="76" coveredstatements="32" conditionals="10" coveredconditionals="4" methods="33" coveredmethods="14" elements="119" coveredelements="50" complexity="0" loc="76" ncloc="76" packages="4" files="8" classes="8"/>
    <package name="api">
      <metrics statements="6" coveredstatements="2" conditionals="4" coveredconditionals="2" methods="1" coveredmethods="0"/>
      <file name="client.js" path="/home/moosberger/application/Blue-Cart-frontend-/src/api/client.js">
        <metrics statements="6" coveredstatements="2" conditionals="4" coveredconditionals="2" methods="1" coveredmethods="0"/>
        <line num="3" count="1" type="stmt"/>
        <line num="7" count="1" type="stmt"/>
        <line num="8" count="0" type="stmt"/>
        <line num="9" count="0" type="cond" truecount="0" falsecount="2"/>
        <line num="10" count="0" type="stmt"/>
        <line num="12" count="0" type="stmt"/>
      </file>
    </package>
    <package name="pages">
      <metrics statements="11" coveredstatements="11" conditionals="2" coveredconditionals="2" methods="8" coveredmethods="8"/>
      <file name="LandingPage.jsx" path="/home/moosberger/application/Blue-Cart-frontend-/src/pages/LandingPage.jsx">
        <metrics statements="11" coveredstatements="11" conditionals="2" coveredconditionals="2" methods="8" coveredmethods="8"/>
        <line num="5" count="1" type="stmt"/>
        <line num="6" count="1" type="stmt"/>
        <line num="13" count="12" type="stmt"/>
        <line num="27" count="4" type="stmt"/>
        <line num="45" count="4" type="stmt"/>
        <line num="83" count="4" type="stmt"/>
        <line num="93" count="1" type="stmt"/>
        <line num="115" count="4" type="stmt"/>
        <line num="139" count="12" type="stmt"/>
        <line num="155" count="12" type="cond" truecount="2" falsecount="0"/>
        <line num="176" count="12" type="stmt"/>
      </file>
    </package>
    <package name="store">
      <metrics statements="59" coveredstatements="19" conditionals="4" coveredconditionals="0" methods="24" coveredmethods="6"/>
      <file name="authSlice.js" path="/home/moosberger/application/Blue-Cart-frontend-/src/store/authSlice.js">
        <metrics statements="23" coveredstatements="8" conditionals="4" coveredconditionals="0" methods="10" coveredmethods="4"/>
        <line num="5" count="1" type="stmt"/>
        <line num="6" count="0" type="stmt"/>
        <line num="7" count="0" type="stmt"/>
        <line num="10" count="1" type="stmt"/>
        <line num="13" count="0" type="stmt"/>
        <line num="14" count="0" type="stmt"/>
        <line num="18" count="1" type="stmt"/>
        <line num="28" count="0" type="stmt"/>
        <line num="29" count="0" type="stmt"/>
        <line num="30" count="0" type="stmt"/>
        <line num="34" count="1" type="stmt"/>
        <line num="36" count="3" type="stmt"/>
        <line num="38" count="0" type="stmt"/>
        <line num="39" count="0" type="stmt"/>
        <line num="43" count="3" type="stmt"/>
        <line num="45" count="0" type="stmt"/>
        <line num="46" count="0" type="stmt"/>
        <line num="47" count="0" type="stmt"/>
        <line num="48" count="0" type="stmt"/>
        <line num="52" count="3" type="stmt"/>
        <line num="54" count="0" type="stmt"/>
        <line num="55" count="0" type="stmt"/>
        <line num="66" count="1" type="stmt"/>
      </file>
      <file name="filtersSlice.js" path="/home/moosberger/application/Blue-Cart-frontend-/src/store/filtersSlice.js">
        <metrics statements="7" coveredstatements="3" conditionals="0" coveredconditionals="0" methods="2" coveredmethods="0"/>
        <line num="3" count="1" type="stmt"/>
        <line num="12" count="1" type="stmt"/>
        <line num="17" count="0" type="stmt"/>
        <line num="18" count="0" type="stmt"/>
        <line num="21" count="0" type="stmt"/>
        <line num="22" count="0" type="stmt"/>
        <line num="27" count="1" type="stmt"/>
      </file>
      <file name="historySlice.js" path="/home/moosberger/application/Blue-Cart-frontend-/src/store/historySlice.js">
        <metrics statements="11" coveredstatements="3" conditionals="0" coveredconditionals="0" methods="5" coveredmethods="1"/>
        <line num="5" count="1" type="stmt"/>
        <line num="6" count="0" type="stmt"/>
        <line num="7" count="0" type="stmt"/>
        <line num="10" count="1" type="stmt"/>
        <line num="19" count="1" type="stmt"/>
        <line num="21" count="0" type="stmt"/>
        <line num="22" count="0" type="stmt"/>
        <line num="25" count="0" type="stmt"/>
        <line num="26" count="0" type="stmt"/>
        <line num="29" count="0" type="stmt"/>
        <line num="30" count="0" type="stmt"/>
      </file>
      <file name="searchSlice.js" path="/home/moosberger/application/Blue-Cart-frontend-/src/store/searchSlice.js">
        <metrics statements="17" coveredstatements="4" conditionals="0" coveredconditionals="0" methods="7" coveredmethods="1"/>
        <line num="5" count="1" type="stmt"/>
        <line num="6" count="0" type="stmt"/>
        <line num="7" count="0" type="stmt"/>
        <line num="10" count="1" type="stmt"/>
        <line num="13" count="0" type="stmt"/>
        <line num="14" count="0" type="stmt"/>
        <line num="18" count="1" type="stmt"/>
        <line num="29" count="1" type="stmt"/>
        <line num="31" count="0" type="stmt"/>
        <line num="32" count="0" type="stmt"/>
        <line num="35" count="0" type="stmt"/>
        <line num="36" count="0" type="stmt"/>
        <line num="37" count="0" type="stmt"/>
        <line num="38" count="0" type="stmt"/>
        <line num="41" count="0" type="stmt"/>
        <line num="42" count="0" type="stmt"/>
        <line num="45" count="0" type="stmt"/>
      </file>
      <file name="store.js" path="/home/moosberger/application/Blue-Cart-frontend-/src/store/store.js">
        <metrics statements="1" coveredstatements="1" conditionals="0" coveredconditionals="0" methods="0" coveredmethods="0"/>
        <line num="8" count="1" type="stmt"/>
      </file>
    </package>
    <package name="styles">
      <metrics statements="0" coveredstatements="0" conditionals="0" coveredconditionals="0" methods="0" coveredmethods="0"/>
      <file name="landing.css" path="/home/moosberger/application/Blue-Cart-frontend-/src/styles/landing.css">
        <metrics statements="0" coveredstatements="0" conditionals="0" coveredconditionals="0" methods="0" coveredmethods="0"/>
      </file>
    </package>
  </project>
</coverage>
