{"/home/moosberger/application/Blue-Cart-frontend-/src/api/client.js": {"path":"/home/moosberger/application/Blue-Cart-frontend-/src/api/client.js","statementMap":{"0":{"start":{"line":3,"column":15},"end":{"line":5,"column":null}},"1":{"start":{"line":7,"column":0},"end":{"line":13,"column":null}},"2":{"start":{"line":8,"column":16},"end":{"line":8,"column":null}},"3":{"start":{"line":9,"column":2},"end":{"line":11,"column":null}},"4":{"start":{"line":10,"column":4},"end":{"line":10,"column":null}},"5":{"start":{"line":12,"column":2},"end":{"line":12,"column":null}}},"fnMap":{"0":{"name":"(anonymous_0)","decl":{"start":{"line":7,"column":28},"end":{"line":7,"column":33}},"loc":{"start":{"line":7,"column":44},"end":{"line":13,"column":1}},"line":7}},"branchMap":{"0":{"loc":{"start":{"line":4,"column":11},"end":{"line":4,"column":null}},"type":"binary-expr","locations":[{"start":{"line":4,"column":11},"end":{"line":4,"column":43}},{"start":{"line":4,"column":43},"end":{"line":4,"column":null}}],"line":4},"1":{"loc":{"start":{"line":9,"column":2},"end":{"line":11,"column":null}},"type":"if","locations":[{"start":{"line":9,"column":2},"end":{"line":11,"column":null}},{"start":{},"end":{}}],"line":9}},"s":{"0":1,"1":1,"2":0,"3":0,"4":0,"5":0},"f":{"0":0},"b":{"0":[1,1],"1":[0,0]},"meta":{"lastBranch":2,"lastFunction":1,"lastStatement":6,"seen":{"s:3:15:5:Infinity":0,"b:4:11:4:43:4:43:4:Infinity":0,"s:7:0:13:Infinity":1,"f:7:28:7:33":0,"s:8:16:8:Infinity":2,"b:9:2:11:Infinity:undefined:undefined:undefined:undefined":1,"s:9:2:11:Infinity":3,"s:10:4:10:Infinity":4,"s:12:2:12:Infinity":5},"fnNames":{}}}
,"/home/moosberger/application/Blue-Cart-frontend-/src/pages/LandingPage.jsx": {"path":"/home/moosberger/application/Blue-Cart-frontend-/src/pages/LandingPage.jsx","statementMap":{"0":{"start":{"line":5,"column":17},"end":{"line":5,"column":null}},"1":{"start":{"line":6,"column":21},"end":{"line":10,"column":null}},"2":{"start":{"line":13,"column":2},"end":{"line":22,"column":null}},"3":{"start":{"line":27,"column":2},"end":{"line":40,"column":null}},"4":{"start":{"line":45,"column":2},"end":{"line":78,"column":null}},"5":{"start":{"line":83,"column":2},"end":{"line":89,"column":null}},"6":{"start":{"line":93,"column":17},"end":{"line":112,"column":null}},"7":{"start":{"line":115,"column":2},"end":{"line":189,"column":null}},"8":{"start":{"line":139,"column":16},"end":{"line":146,"column":null}},"9":{"start":{"line":155,"column":16},"end":{"line":165,"column":null}},"10":{"start":{"line":176,"column":12},"end":{"line":185,"column":null}}},"fnMap":{"0":{"name":"SearchIcon","decl":{"start":{"line":12,"column":9},"end":{"line":12,"column":22}},"loc":{"start":{"line":12,"column":22},"end":{"line":24,"column":null}},"line":12},"1":{"name":"TagIcon","decl":{"start":{"line":26,"column":9},"end":{"line":26,"column":19}},"loc":{"start":{"line":26,"column":19},"end":{"line":42,"column":null}},"line":26},"2":{"name":"ScaleIcon","decl":{"start":{"line":44,"column":9},"end":{"line":44,"column":21}},"loc":{"start":{"line":44,"column":21},"end":{"line":80,"column":null}},"line":44},"3":{"name":"SlidersIcon","decl":{"start":{"line":82,"column":9},"end":{"line":82,"column":23}},"loc":{"start":{"line":82,"column":23},"end":{"line":91,"column":null}},"line":82},"4":{"name":"LandingPage","decl":{"start":{"line":114,"column":24},"end":{"line":114,"column":38}},"loc":{"start":{"line":114,"column":38},"end":{"line":191,"column":null}},"line":114},"5":{"name":"(anonymous_5)","decl":{"start":{"line":138,"column":24},"end":{"line":138,"column":29}},"loc":{"start":{"line":139,"column":16},"end":{"line":146,"column":null}},"line":139},"6":{"name":"(anonymous_6)","decl":{"start":{"line":154,"column":28},"end":{"line":154,"column":33}},"loc":{"start":{"line":155,"column":16},"end":{"line":165,"column":null}},"line":155},"7":{"name":"(anonymous_7)","decl":{"start":{"line":175,"column":20},"end":{"line":175,"column":25}},"loc":{"start":{"line":176,"column":12},"end":{"line":185,"column":null}},"line":176}},"branchMap":{"0":{"loc":{"start":{"line":155,"column":16},"end":{"line":165,"column":null}},"type":"cond-expr","locations":[{"start":{"line":156,"column":18},"end":{"line":161,"column":null}},{"start":{"line":163,"column":18},"end":{"line":165,"column":null}}],"line":155}},"s":{"0":1,"1":1,"2":12,"3":4,"4":4,"5":4,"6":1,"7":4,"8":12,"9":12,"10":12},"f":{"0":12,"1":4,"2":4,"3":4,"4":4,"5":12,"6":12,"7":12},"b":{"0":[8,4]},"meta":{"lastBranch":1,"lastFunction":8,"lastStatement":11,"seen":{"s:5:17:5:Infinity":0,"s:6:21:10:Infinity":1,"f:12:9:12:22":0,"s:13:2:22:Infinity":2,"f:26:9:26:19":1,"s:27:2:40:Infinity":3,"f:44:9:44:21":2,"s:45:2:78:Infinity":4,"f:82:9:82:23":3,"s:83:2:89:Infinity":5,"s:93:17:112:Infinity":6,"f:114:24:114:38":4,"s:115:2:189:Infinity":7,"f:138:24:138:29":5,"s:139:16:146:Infinity":8,"f:154:28:154:33":6,"s:155:16:165:Infinity":9,"b:156:18:161:Infinity:163:18:165:Infinity":0,"f:175:20:175:25":7,"s:176:12:185:Infinity":10},"fnNames":{}}}
,"/home/moosberger/application/Blue-Cart-frontend-/src/store/authSlice.js": {"path":"/home/moosberger/application/Blue-Cart-frontend-/src/store/authSlice.js","statementMap":{"0":{"start":{"line":5,"column":21},"end":{"line":8,"column":null}},"1":{"start":{"line":6,"column":19},"end":{"line":6,"column":null}},"2":{"start":{"line":7,"column":2},"end":{"line":7,"column":null}},"3":{"start":{"line":10,"column":24},"end":{"line":16,"column":null}},"4":{"start":{"line":13,"column":21},"end":{"line":13,"column":null}},"5":{"start":{"line":14,"column":4},"end":{"line":14,"column":null}},"6":{"start":{"line":18,"column":18},"end":{"line":64,"column":null}},"7":{"start":{"line":28,"column":6},"end":{"line":28,"column":null}},"8":{"start":{"line":29,"column":6},"end":{"line":29,"column":null}},"9":{"start":{"line":30,"column":6},"end":{"line":30,"column":null}},"10":{"start":{"line":34,"column":4},"end":{"line":62,"column":null}},"11":{"start":{"line":36,"column":20},"end":{"line":36,"column":null}},"12":{"start":{"line":38,"column":10},"end":{"line":38,"column":null}},"13":{"start":{"line":39,"column":10},"end":{"line":39,"column":null}},"14":{"start":{"line":43,"column":20},"end":{"line":43,"column":null}},"15":{"start":{"line":45,"column":10},"end":{"line":45,"column":null}},"16":{"start":{"line":46,"column":10},"end":{"line":46,"column":null}},"17":{"start":{"line":47,"column":10},"end":{"line":47,"column":null}},"18":{"start":{"line":48,"column":10},"end":{"line":48,"column":null}},"19":{"start":{"line":52,"column":20},"end":{"line":52,"column":null}},"20":{"start":{"line":54,"column":10},"end":{"line":54,"column":null}},"21":{"start":{"line":55,"column":10},"end":{"line":60,"column":null}},"22":{"start":{"line":66,"column":26},"end":{"line":66,"column":null}}},"fnMap":{"0":{"name":"(anonymous_0)","decl":{"start":{"line":5,"column":52},"end":{"line":5,"column":59}},"loc":{"start":{"line":5,"column":83},"end":{"line":8,"column":1}},"line":5},"1":{"name":"(anonymous_1)","decl":{"start":{"line":12,"column":2},"end":{"line":12,"column":9}},"loc":{"start":{"line":12,"column":33},"end":{"line":15,"column":null}},"line":12},"2":{"name":"logout","decl":{"start":{"line":27,"column":4},"end":{"line":27,"column":11}},"loc":{"start":{"line":27,"column":18},"end":{"line":31,"column":null}},"line":27},"3":{"name":"(anonymous_3)","decl":{"start":{"line":33,"column":2},"end":{"line":33,"column":18}},"loc":{"start":{"line":33,"column":30},"end":{"line":63,"column":null}},"line":33},"4":{"name":"(anonymous_4)","decl":{"start":{"line":35,"column":7},"end":{"line":35,"column":null}},"loc":{"start":{"line":36,"column":20},"end":{"line":36,"column":null}},"line":36},"5":{"name":"(anonymous_5)","decl":{"start":{"line":36,"column":84},"end":{"line":36,"column":null}},"loc":{"start":{"line":37,"column":19},"end":{"line":40,"column":null}},"line":37},"6":{"name":"(anonymous_6)","decl":{"start":{"line":42,"column":7},"end":{"line":42,"column":null}},"loc":{"start":{"line":43,"column":20},"end":{"line":43,"column":null}},"line":43},"7":{"name":"(anonymous_7)","decl":{"start":{"line":43,"column":88},"end":{"line":43,"column":null}},"loc":{"start":{"line":44,"column":27},"end":{"line":49,"column":null}},"line":44},"8":{"name":"(anonymous_8)","decl":{"start":{"line":51,"column":7},"end":{"line":51,"column":null}},"loc":{"start":{"line":52,"column":20},"end":{"line":52,"column":null}},"line":52},"9":{"name":"(anonymous_9)","decl":{"start":{"line":52,"column":86},"end":{"line":52,"column":null}},"loc":{"start":{"line":53,"column":27},"end":{"line":61,"column":null}},"line":53}},"branchMap":{"0":{"loc":{"start":{"line":56,"column":12},"end":{"line":60,"column":null}},"type":"cond-expr","locations":[{"start":{"line":57,"column":16},"end":{"line":57,"column":null}},{"start":{"line":58,"column":16},"end":{"line":60,"column":null}}],"line":56},"1":{"loc":{"start":{"line":58,"column":16},"end":{"line":60,"column":null}},"type":"cond-expr","locations":[{"start":{"line":59,"column":16},"end":{"line":59,"column":null}},{"start":{"line":60,"column":16},"end":{"line":60,"column":null}}],"line":58}},"s":{"0":1,"1":0,"2":0,"3":1,"4":0,"5":0,"6":1,"7":0,"8":0,"9":0,"10":1,"11":3,"12":0,"13":0,"14":3,"15":0,"16":0,"17":0,"18":0,"19":3,"20":0,"21":0,"22":1},"f":{"0":0,"1":0,"2":0,"3":1,"4":3,"5":0,"6":3,"7":0,"8":3,"9":0},"b":{"0":[0,0],"1":[0,0]},"meta":{"lastBranch":2,"lastFunction":10,"lastStatement":23,"seen":{"s:5:21:8:Infinity":0,"f:5:52:5:59":0,"s:6:19:6:Infinity":1,"s:7:2:7:Infinity":2,"s:10:24:16:Infinity":3,"f:12:2:12:9":1,"s:13:21:13:Infinity":4,"s:14:4:14:Infinity":5,"s:18:18:64:Infinity":6,"f:27:4:27:11":2,"s:28:6:28:Infinity":7,"s:29:6:29:Infinity":8,"s:30:6:30:Infinity":9,"f:33:2:33:18":3,"s:34:4:62:Infinity":10,"f:35:7:35:Infinity":4,"s:36:20:36:Infinity":11,"f:36:84:36:Infinity":5,"s:38:10:38:Infinity":12,"s:39:10:39:Infinity":13,"f:42:7:42:Infinity":6,"s:43:20:43:Infinity":14,"f:43:88:43:Infinity":7,"s:45:10:45:Infinity":15,"s:46:10:46:Infinity":16,"s:47:10:47:Infinity":17,"s:48:10:48:Infinity":18,"f:51:7:51:Infinity":8,"s:52:20:52:Infinity":19,"f:52:86:52:Infinity":9,"s:54:10:54:Infinity":20,"s:55:10:60:Infinity":21,"b:57:16:57:Infinity:58:16:60:Infinity":0,"b:59:16:59:Infinity:60:16:60:Infinity":1,"s:66:26:66:Infinity":22},"fnNames":{}}}
,"/home/moosberger/application/Blue-Cart-frontend-/src/store/filtersSlice.js": {"path":"/home/moosberger/application/Blue-Cart-frontend-/src/store/filtersSlice.js","statementMap":{"0":{"start":{"line":3,"column":21},"end":{"line":10,"column":null}},"1":{"start":{"line":12,"column":21},"end":{"line":25,"column":null}},"2":{"start":{"line":17,"column":29},"end":{"line":17,"column":null}},"3":{"start":{"line":18,"column":6},"end":{"line":18,"column":null}},"4":{"start":{"line":21,"column":27},"end":{"line":21,"column":null}},"5":{"start":{"line":22,"column":6},"end":{"line":22,"column":null}},"6":{"start":{"line":27,"column":44},"end":{"line":27,"column":null}}},"fnMap":{"0":{"name":"setWeight","decl":{"start":{"line":16,"column":4},"end":{"line":16,"column":14}},"loc":{"start":{"line":16,"column":29},"end":{"line":19,"column":null}},"line":16},"1":{"name":"setPriceRange","decl":{"start":{"line":20,"column":4},"end":{"line":20,"column":18}},"loc":{"start":{"line":20,"column":33},"end":{"line":23,"column":null}},"line":20}},"branchMap":{},"s":{"0":1,"1":1,"2":0,"3":0,"4":0,"5":0,"6":1},"f":{"0":0,"1":0},"b":{},"meta":{"lastBranch":0,"lastFunction":2,"lastStatement":7,"seen":{"s:3:21:10:Infinity":0,"s:12:21:25:Infinity":1,"f:16:4:16:14":0,"s:17:29:17:Infinity":2,"s:18:6:18:Infinity":3,"f:20:4:20:18":1,"s:21:27:21:Infinity":4,"s:22:6:22:Infinity":5,"s:27:44:27:Infinity":6},"fnNames":{}}}
,"/home/moosberger/application/Blue-Cart-frontend-/src/store/historySlice.js": {"path":"/home/moosberger/application/Blue-Cart-frontend-/src/store/historySlice.js","statementMap":{"0":{"start":{"line":5,"column":28},"end":{"line":8,"column":null}},"1":{"start":{"line":6,"column":19},"end":{"line":6,"column":null}},"2":{"start":{"line":7,"column":2},"end":{"line":7,"column":null}},"3":{"start":{"line":10,"column":21},"end":{"line":33,"column":null}},"4":{"start":{"line":19,"column":4},"end":{"line":31,"column":null}},"5":{"start":{"line":21,"column":8},"end":{"line":21,"column":null}},"6":{"start":{"line":22,"column":8},"end":{"line":22,"column":null}},"7":{"start":{"line":25,"column":8},"end":{"line":25,"column":null}},"8":{"start":{"line":26,"column":8},"end":{"line":26,"column":null}},"9":{"start":{"line":29,"column":8},"end":{"line":29,"column":null}},"10":{"start":{"line":30,"column":8},"end":{"line":30,"column":null}}},"fnMap":{"0":{"name":"(anonymous_0)","decl":{"start":{"line":5,"column":62},"end":{"line":5,"column":74}},"loc":{"start":{"line":5,"column":74},"end":{"line":8,"column":1}},"line":5},"1":{"name":"(anonymous_1)","decl":{"start":{"line":18,"column":2},"end":{"line":18,"column":18}},"loc":{"start":{"line":18,"column":30},"end":{"line":32,"column":null}},"line":18},"2":{"name":"(anonymous_2)","decl":{"start":{"line":20,"column":28},"end":{"line":20,"column":38}},"loc":{"start":{"line":20,"column":48},"end":{"line":23,"column":7}},"line":20},"3":{"name":"(anonymous_3)","decl":{"start":{"line":24,"column":28},"end":{"line":24,"column":40}},"loc":{"start":{"line":24,"column":58},"end":{"line":27,"column":7}},"line":24},"4":{"name":"(anonymous_4)","decl":{"start":{"line":28,"column":28},"end":{"line":28,"column":39}},"loc":{"start":{"line":28,"column":57},"end":{"line":31,"column":7}},"line":28}},"branchMap":{},"s":{"0":1,"1":0,"2":0,"3":1,"4":1,"5":0,"6":0,"7":0,"8":0,"9":0,"10":0},"f":{"0":0,"1":1,"2":0,"3":0,"4":0},"b":{},"meta":{"lastBranch":0,"lastFunction":5,"lastStatement":11,"seen":{"s:5:28:8:Infinity":0,"f:5:62:5:74":0,"s:6:19:6:Infinity":1,"s:7:2:7:Infinity":2,"s:10:21:33:Infinity":3,"f:18:2:18:18":1,"s:19:4:31:Infinity":4,"f:20:28:20:38":2,"s:21:8:21:Infinity":5,"s:22:8:22:Infinity":6,"f:24:28:24:40":3,"s:25:8:25:Infinity":7,"s:26:8:26:Infinity":8,"f:28:28:28:39":4,"s:29:8:29:Infinity":9,"s:30:8:30:Infinity":10},"fnNames":{}}}
,"/home/moosberger/application/Blue-Cart-frontend-/src/store/searchSlice.js": {"path":"/home/moosberger/application/Blue-Cart-frontend-/src/store/searchSlice.js","statementMap":{"0":{"start":{"line":5,"column":25},"end":{"line":8,"column":null}},"1":{"start":{"line":6,"column":19},"end":{"line":6,"column":null}},"2":{"start":{"line":7,"column":2},"end":{"line":7,"column":null}},"3":{"start":{"line":10,"column":29},"end":{"line":16,"column":null}},"4":{"start":{"line":13,"column":21},"end":{"line":13,"column":null}},"5":{"start":{"line":14,"column":4},"end":{"line":14,"column":null}},"6":{"start":{"line":18,"column":20},"end":{"line":48,"column":null}},"7":{"start":{"line":29,"column":4},"end":{"line":46,"column":null}},"8":{"start":{"line":31,"column":8},"end":{"line":31,"column":null}},"9":{"start":{"line":32,"column":8},"end":{"line":32,"column":null}},"10":{"start":{"line":35,"column":8},"end":{"line":35,"column":null}},"11":{"start":{"line":36,"column":8},"end":{"line":36,"column":null}},"12":{"start":{"line":37,"column":8},"end":{"line":37,"column":null}},"13":{"start":{"line":38,"column":8},"end":{"line":38,"column":null}},"14":{"start":{"line":41,"column":8},"end":{"line":41,"column":null}},"15":{"start":{"line":42,"column":8},"end":{"line":42,"column":null}},"16":{"start":{"line":45,"column":8},"end":{"line":45,"column":null}}},"fnMap":{"0":{"name":"(anonymous_0)","decl":{"start":{"line":5,"column":62},"end":{"line":5,"column":69}},"loc":{"start":{"line":5,"column":79},"end":{"line":8,"column":1}},"line":5},"1":{"name":"(anonymous_1)","decl":{"start":{"line":12,"column":2},"end":{"line":12,"column":9}},"loc":{"start":{"line":12,"column":35},"end":{"line":15,"column":null}},"line":12},"2":{"name":"(anonymous_2)","decl":{"start":{"line":28,"column":2},"end":{"line":28,"column":18}},"loc":{"start":{"line":28,"column":30},"end":{"line":47,"column":null}},"line":28},"3":{"name":"(anonymous_3)","decl":{"start":{"line":30,"column":25},"end":{"line":30,"column":35}},"loc":{"start":{"line":30,"column":45},"end":{"line":33,"column":7}},"line":30},"4":{"name":"(anonymous_4)","decl":{"start":{"line":34,"column":25},"end":{"line":34,"column":37}},"loc":{"start":{"line":34,"column":55},"end":{"line":39,"column":7}},"line":34},"5":{"name":"(anonymous_5)","decl":{"start":{"line":40,"column":25},"end":{"line":40,"column":36}},"loc":{"start":{"line":40,"column":54},"end":{"line":43,"column":7}},"line":40},"6":{"name":"(anonymous_6)","decl":{"start":{"line":44,"column":29},"end":{"line":44,"column":41}},"loc":{"start":{"line":44,"column":59},"end":{"line":46,"column":7}},"line":44}},"branchMap":{},"s":{"0":1,"1":0,"2":0,"3":1,"4":0,"5":0,"6":1,"7":1,"8":0,"9":0,"10":0,"11":0,"12":0,"13":0,"14":0,"15":0,"16":0},"f":{"0":0,"1":0,"2":1,"3":0,"4":0,"5":0,"6":0},"b":{},"meta":{"lastBranch":0,"lastFunction":7,"lastStatement":17,"seen":{"s:5:25:8:Infinity":0,"f:5:62:5:69":0,"s:6:19:6:Infinity":1,"s:7:2:7:Infinity":2,"s:10:29:16:Infinity":3,"f:12:2:12:9":1,"s:13:21:13:Infinity":4,"s:14:4:14:Infinity":5,"s:18:20:48:Infinity":6,"f:28:2:28:18":2,"s:29:4:46:Infinity":7,"f:30:25:30:35":3,"s:31:8:31:Infinity":8,"s:32:8:32:Infinity":9,"f:34:25:34:37":4,"s:35:8:35:Infinity":10,"s:36:8:36:Infinity":11,"s:37:8:37:Infinity":12,"s:38:8:38:Infinity":13,"f:40:25:40:36":5,"s:41:8:41:Infinity":14,"s:42:8:42:Infinity":15,"f:44:29:44:41":6,"s:45:8:45:Infinity":16},"fnNames":{}}}
,"/home/moosberger/application/Blue-Cart-frontend-/src/store/store.js": {"path":"/home/moosberger/application/Blue-Cart-frontend-/src/store/store.js","statementMap":{"0":{"start":{"line":8,"column":21},"end":{"line":15,"column":null}}},"fnMap":{},"branchMap":{},"s":{"0":1},"f":{},"b":{},"meta":{"lastBranch":0,"lastFunction":0,"lastStatement":1,"seen":{"s:8:21:15:Infinity":0},"fnNames":{}}}
,"/home/moosberger/application/Blue-Cart-frontend-/src/styles/landing.css": {"path":"/home/moosberger/application/Blue-Cart-frontend-/src/styles/landing.css","statementMap":{},"fnMap":{},"branchMap":{},"s":{},"f":{},"b":{},"meta":{"lastBranch":0,"lastFunction":0,"lastStatement":0,"seen":{},"fnNames":{}}}
}
